<?xml version="1.0" encoding="UTF-8"?>
<testsuites>
  <testsuite name="CodeIgniter Application Test Suite" tests="5" assertions="12" failures="0" errors="0" time="0.526497">
    <testsuite name="Welcome_test" file="F:\Apps\xampp\htdocs\sandbox\ci_test\application\tests\controllers\Welcome_test.php" fullPackage="Welcome" tests="3" assertions="9" failures="0" errors="0" time="0.433988">
      <testcase name="test_index_no_member" class="Welcome_test" file="F:\Apps\xampp\htdocs\sandbox\ci_test\application\tests\controllers\Welcome_test.php" line="11" assertions="3" time="0.407838"/>
      <testcase name="test_index_many_member" class="Welcome_test" file="F:\Apps\xampp\htdocs\sandbox\ci_test\application\tests\controllers\Welcome_test.php" line="39" assertions="3" time="0.012801"/>
      <testcase name="test_index_one_member" class="Welcome_test" file="F:\Apps\xampp\htdocs\sandbox\ci_test\application\tests\controllers\Welcome_test.php" line="69" assertions="3" time="0.013349"/>
    </testsuite>
    <testsuite name="Member_m_test" file="F:\Apps\xampp\htdocs\sandbox\ci_test\application\tests\models\Member_m_test.php" fullPackage="Member.m" tests="2" assertions="3" failures="0" errors="0" time="0.092509">
      <testcase name="test_get_member_list" class="Member_m_test" file="F:\Apps\xampp\htdocs\sandbox\ci_test\application\tests\models\Member_m_test.php" line="21" assertions="2" time="0.076447"/>
      <testcase name="test_get_member_name" class="Member_m_test" file="F:\Apps\xampp\htdocs\sandbox\ci_test\application\tests\models\Member_m_test.php" line="33" assertions="1" time="0.016062"/>
    </testsuite>
  </testsuite>
</testsuites>
